<?xml version="1.0" encoding="utf-8"?>
<test-run id="2" name="StuartTest.exe" fullname="C:/Users/dfranco/Documents/GIT/StuartTest/StuartTest/bin/Debug/StuartTest.exe" testcasecount="7" result="Passed" start-time="2021-04-29T09:24:12.3451409Z" end-time="2021-04-29T09:25:27.1231463Z" duration="74.777625" total="7" passed="7" failed="0" inconclusive="0" skipped="0" warnings="0" asserts="3" random-seed="323143641">
  <command-line><![CDATA["C:\Users\dfranco\Documents\GIT\StuartTest\StuartTest\bin\Debug\StuartTest.exe" ]]></command-line>
  <filter />
  <test-suite type="Assembly" id="1010" name="StuartTest.exe" fullname="C:/Users/dfranco/Documents/GIT/StuartTest/StuartTest/bin/Debug/StuartTest.exe" runstate="Runnable" testcasecount="7" result="Passed" start-time="2021-04-29T09:24:12.3451409Z" end-time="2021-04-29T09:25:27.1231463Z" duration="74.777625" total="7" passed="7" failed="0" warnings="0" inconclusive="0" skipped="0" asserts="3">
    <environment framework-version="3.13.1.0" clr-version="4.0.30319.42000" os-version="Microsoft Windows NT 10.0.19042" platform="Win32NT" cwd="C:\Users\dfranco\Documents\GIT\StuartTest\StuartTest\bin\Debug" machine-name="SLT2339" user="dfranco" user-domain="WERFEN" culture="es-ES" uiculture="en-US" os-architecture="x86" />
    <settings>
      <setting name="WorkDirectory" value="C:\Users\dfranco\Documents\GIT\StuartTest\StuartTest\bin\Debug" />
      <setting name="NumberOfTestWorkers" value="12" />
    </settings>
    <properties>
      <property name="_PID" value="83872" />
      <property name="_APPDOMAIN" value="StuartTest.exe" />
    </properties>
    <test-suite type="TestSuite" id="1011" name="StuartTest" fullname="StuartTest" runstate="Runnable" testcasecount="7" result="Passed" start-time="2021-04-29T09:24:12.3511298Z" end-time="2021-04-29T09:25:27.1231463Z" duration="74.772638" total="7" passed="7" failed="0" warnings="0" inconclusive="0" skipped="0" asserts="3">
      <test-suite type="TestSuite" id="1012" name="TestCase" fullname="StuartTest.TestCase" runstate="Runnable" testcasecount="7" result="Passed" start-time="2021-04-29T09:24:12.3511298Z" end-time="2021-04-29T09:25:27.1231463Z" duration="74.772377" total="7" passed="7" failed="0" warnings="0" inconclusive="0" skipped="0" asserts="3">
        <test-suite type="TestFixture" id="1000" name="Tests" fullname="StuartTest.TestCase.Tests" classname="StuartTest.TestCase.Tests" runstate="Runnable" testcasecount="7" result="Passed" start-time="2021-04-29T09:24:12.3521272Z" end-time="2021-04-29T09:25:27.1231463Z" duration="74.771299" total="7" passed="7" failed="0" warnings="0" inconclusive="0" skipped="0" asserts="3">
          <test-case id="1007" name="DeliveryBikeTest" fullname="StuartTest.TestCase.Tests.DeliveryBikeTest" methodname="DeliveryBikeTest" classname="StuartTest.TestCase.Tests" runstate="Runnable" seed="1194821536" result="Passed" start-time="2021-04-29T09:24:12.3541223Z" end-time="2021-04-29T09:24:27.6467298Z" duration="15.293395" asserts="0" />
          <test-case id="1006" name="DeliveryMotorBikeTest" fullname="StuartTest.TestCase.Tests.DeliveryMotorBikeTest" methodname="DeliveryMotorBikeTest" classname="StuartTest.TestCase.Tests" runstate="Runnable" seed="2119546095" result="Passed" start-time="2021-04-29T09:24:27.6487250Z" end-time="2021-04-29T09:24:43.6760617Z" duration="16.027131" asserts="0" />
          <test-case id="1008" name="DeliveryMotorbikeXLTest" fullname="StuartTest.TestCase.Tests.DeliveryMotorbikeXLTest" methodname="DeliveryMotorbikeXLTest" classname="StuartTest.TestCase.Tests" runstate="Runnable" seed="259111380" result="Passed" start-time="2021-04-29T09:24:43.6760617Z" end-time="2021-04-29T09:24:58.4944440Z" duration="14.817784" asserts="0" />
          <test-case id="1009" name="DeliveryVanTest" fullname="StuartTest.TestCase.Tests.DeliveryVanTest" methodname="DeliveryVanTest" classname="StuartTest.TestCase.Tests" runstate="Runnable" seed="2005060785" result="Passed" start-time="2021-04-29T09:24:58.4944440Z" end-time="2021-04-29T09:25:14.6079212Z" duration="16.113478" asserts="0" />
          <test-case id="1001" name="SuccesfulLoginTest" fullname="StuartTest.TestCase.Tests.SuccesfulLoginTest" methodname="SuccesfulLoginTest" classname="StuartTest.TestCase.Tests" runstate="Runnable" seed="2134386608" result="Passed" start-time="2021-04-29T09:25:14.6079212Z" end-time="2021-04-29T09:25:19.8049656Z" duration="5.196951" asserts="1" />
          <test-suite type="ParameterizedMethod" id="1005" name="WrongPasswordLoginTest" fullname="StuartTest.TestCase.Tests.WrongPasswordLoginTest" classname="StuartTest.TestCase.Tests" runstate="Runnable" testcasecount="1" result="Passed" start-time="2021-04-29T09:25:19.8049656Z" end-time="2021-04-29T09:25:23.4671759Z" duration="3.662575" total="1" passed="1" failed="0" warnings="0" inconclusive="0" skipped="0" asserts="1">
            <test-case id="1004" name="WrongPasswordLoginTest(&quot;strt.wa+test@gmail.com&quot;,&quot;Test32234&quot;)" fullname="StuartTest.TestCase.Tests.WrongPasswordLoginTest(&quot;strt.wa+test@gmail.com&quot;,&quot;Test32234&quot;)" methodname="WrongPasswordLoginTest" classname="StuartTest.TestCase.Tests" runstate="Runnable" seed="1012232991" result="Passed" start-time="2021-04-29T09:25:19.8049656Z" end-time="2021-04-29T09:25:23.4661787Z" duration="3.661382" asserts="1" />
          </test-suite>
          <test-suite type="ParameterizedMethod" id="1003" name="WrongUserLoginTest" fullname="StuartTest.TestCase.Tests.WrongUserLoginTest" classname="StuartTest.TestCase.Tests" runstate="Runnable" testcasecount="1" result="Passed" start-time="2021-04-29T09:25:23.4671759Z" end-time="2021-04-29T09:25:27.1231463Z" duration="3.655446" total="1" passed="1" failed="0" warnings="0" inconclusive="0" skipped="0" asserts="1">
            <test-case id="1002" name="WrongUserLoginTest(&quot;danielfrcoramos@gmail.com&quot;,&quot;Test!234&quot;)" fullname="StuartTest.TestCase.Tests.WrongUserLoginTest(&quot;danielfrcoramos@gmail.com&quot;,&quot;Test!234&quot;)" methodname="WrongUserLoginTest" classname="StuartTest.TestCase.Tests" runstate="Runnable" seed="1523344016" result="Passed" start-time="2021-04-29T09:25:23.4681731Z" end-time="2021-04-29T09:25:27.1231463Z" duration="3.655365" asserts="1" />
          </test-suite>
        </test-suite>
      </test-suite>
    </test-suite>
  </test-suite>
</test-run>