<?xml version="1.0" encoding="utf-8"?>
<test-run id="2" name="StuartTest.exe" fullname="C:/Users/dfranco/Desktop/Test/StuartTest/StuartTest/bin/Debug/StuartTest.exe" testcasecount="7" result="Passed" start-time="2021-04-28T13:32:27.5306948Z" end-time="2021-04-28T13:33:39.6738157Z" duration="72.143444" total="7" passed="7" failed="0" inconclusive="0" skipped="0" warnings="0" asserts="3" random-seed="1235238828">
  <command-line><![CDATA["C:\Users\dfranco\Desktop\Test\StuartTest\StuartTest\bin\Debug\StuartTest.exe" ]]></command-line>
  <filter />
  <test-suite type="Assembly" id="1008" name="StuartTest.exe" fullname="C:/Users/dfranco/Desktop/Test/StuartTest/StuartTest/bin/Debug/StuartTest.exe" runstate="Runnable" testcasecount="7" result="Passed" start-time="2021-04-28T13:32:27.5306948Z" end-time="2021-04-28T13:33:39.6738157Z" duration="72.143444" total="7" passed="7" failed="0" warnings="0" inconclusive="0" skipped="0" asserts="3">
    <environment framework-version="3.13.1.0" clr-version="4.0.30319.42000" os-version="Microsoft Windows NT 10.0.19042" platform="Win32NT" cwd="C:\Users\dfranco\Desktop\Test\StuartTest\StuartTest\bin\Debug" machine-name="SLT2339" user="dfranco" user-domain="WERFEN" culture="es-ES" uiculture="en-US" os-architecture="x86" />
    <settings>
      <setting name="WorkDirectory" value="C:\Users\dfranco\Desktop\Test\StuartTest\StuartTest\bin\Debug" />
      <setting name="NumberOfTestWorkers" value="12" />
    </settings>
    <properties>
      <property name="_PID" value="97552" />
      <property name="_APPDOMAIN" value="StuartTest.exe" />
    </properties>
    <test-suite type="TestSuite" id="1009" name="StuartTest" fullname="StuartTest" runstate="Runnable" testcasecount="7" result="Passed" start-time="2021-04-28T13:32:27.5366788Z" end-time="2021-04-28T13:33:39.6738157Z" duration="72.137410" total="7" passed="7" failed="0" warnings="0" inconclusive="0" skipped="0" asserts="3">
      <test-suite type="TestSuite" id="1010" name="TestCase" fullname="StuartTest.TestCase" runstate="Runnable" testcasecount="7" result="Passed" start-time="2021-04-28T13:32:27.5366788Z" end-time="2021-04-28T13:33:39.6738157Z" duration="72.137045" total="7" passed="7" failed="0" warnings="0" inconclusive="0" skipped="0" asserts="3">
        <test-suite type="TestFixture" id="1000" name="Tests" fullname="StuartTest.TestCase.Tests" classname="StuartTest.TestCase.Tests" runstate="Runnable" testcasecount="7" result="Passed" start-time="2021-04-28T13:32:27.5386732Z" end-time="2021-04-28T13:33:39.6738157Z" duration="72.135503" total="7" passed="7" failed="0" warnings="0" inconclusive="0" skipped="0" asserts="3">
          <test-case id="1005" name="DeliveryBikeTest" fullname="StuartTest.TestCase.Tests.DeliveryBikeTest" methodname="DeliveryBikeTest" classname="StuartTest.TestCase.Tests" runstate="Runnable" seed="546336364" result="Passed" start-time="2021-04-28T13:32:27.5406677Z" end-time="2021-04-28T13:32:42.3156852Z" duration="14.775826" asserts="0" />
          <test-case id="1004" name="DeliveryMotorBikeTest" fullname="StuartTest.TestCase.Tests.DeliveryMotorBikeTest" methodname="DeliveryMotorBikeTest" classname="StuartTest.TestCase.Tests" runstate="Runnable" seed="173882501" result="Passed" start-time="2021-04-28T13:32:42.3176852Z" end-time="2021-04-28T13:32:57.3947056Z" duration="15.076460" asserts="0" />
          <test-case id="1006" name="DeliveryMotorbikeXLTest" fullname="StuartTest.TestCase.Tests.DeliveryMotorbikeXLTest" methodname="DeliveryMotorbikeXLTest" classname="StuartTest.TestCase.Tests" runstate="Runnable" seed="781653902" result="Passed" start-time="2021-04-28T13:32:57.3947056Z" end-time="2021-04-28T13:33:13.9160991Z" duration="16.521330" asserts="0" />
          <test-case id="1007" name="DeliveryVanTest" fullname="StuartTest.TestCase.Tests.DeliveryVanTest" methodname="DeliveryVanTest" classname="StuartTest.TestCase.Tests" runstate="Runnable" seed="178796401" result="Passed" start-time="2021-04-28T13:33:13.9160991Z" end-time="2021-04-28T13:33:30.4731857Z" duration="16.556716" asserts="0" />
          <test-case id="1001" name="SuccesfulLoginTest" fullname="StuartTest.TestCase.Tests.SuccesfulLoginTest" methodname="SuccesfulLoginTest" classname="StuartTest.TestCase.Tests" runstate="Runnable" seed="2052433018" result="Passed" start-time="2021-04-28T13:33:30.4731857Z" end-time="2021-04-28T13:33:34.1136999Z" duration="3.641120" asserts="1" />
          <test-case id="1003" name="WrongPasswordLoginTest" fullname="StuartTest.TestCase.Tests.WrongPasswordLoginTest" methodname="WrongPasswordLoginTest" classname="StuartTest.TestCase.Tests" runstate="Runnable" seed="1534037448" result="Passed" start-time="2021-04-28T13:33:34.1136999Z" end-time="2021-04-28T13:33:36.9632846Z" duration="2.849393" asserts="1" />
          <test-case id="1002" name="WrongUserLoginTest" fullname="StuartTest.TestCase.Tests.WrongUserLoginTest" methodname="WrongUserLoginTest" classname="StuartTest.TestCase.Tests" runstate="Runnable" seed="634266760" result="Passed" start-time="2021-04-28T13:33:36.9632846Z" end-time="2021-04-28T13:33:39.6728192Z" duration="2.709505" asserts="1" />
        </test-suite>
      </test-suite>
    </test-suite>
  </test-suite>
</test-run>